<?xml version="1.0" encoding="UTF-8"?>
<!-- Generated by org.testng.reporters.JUnitReportReporter -->
<testsuite skipped="0" hostname="DESKTOP-GORB4NR" name="tests.WebTesting" tests="1" failures="0" timestamp="27 Mar 2020 17:27:05 GMT" time="22.796" errors="0">
  <testcase name="Checkbox" time="22.796" classname="tests.WebTesting"/>
</testsuite> <!-- tests.WebTesting -->
